<?xml version="1.0" encoding="UTF-8"?>
<testsuite name="org.study.board.BoardProjectApplicationTests" tests="1" skipped="0" failures="0" errors="0" timestamp="2024-02-06T12:05:00" hostname="EUNHEEui-MacBookPro.local" time="0.767">
  <properties/>
  <testcase name="contextLoads()" classname="org.study.board.BoardProjectApplicationTests" time="0.767"/>
  <system-out><![CDATA[21:04:50.473 [Test worker] INFO org.springframework.test.context.support.AnnotationConfigContextLoaderUtils -- Could not detect default configuration classes for test class [org.study.board.BoardProjectApplicationTests]: BoardProjectApplicationTests does not declare any static, non-private, non-final, nested classes annotated with @Configuration.
21:04:50.607 [Test worker] INFO org.springframework.boot.test.context.SpringBootTestContextBootstrapper -- Found @SpringBootConfiguration org.study.board.BoardProjectApplication for test class org.study.board.BoardProjectApplicationTests

  .   ____          _            __ _ _
 /\\ / ___'_ __ _ _(_)_ __  __ _ \ \ \ \
( ( )\___ | '_ | '_| | '_ \/ _` | \ \ \ \
 \\/  ___)| |_)| | | | | || (_| |  ) ) ) )
  '  |____| .__|_| |_|_| |_\__, | / / / /
 =========|_|==============|___/=/_/_/_/
 :: Spring Boot ::                (v3.2.2)

2024-02-06T21:04:51.090+09:00  INFO 3871 --- [    Test worker] o.s.board.BoardProjectApplicationTests   : Starting BoardProjectApplicationTests using Java 21.0.2 with PID 3871 (started by eunheejang in /Users/eunheejang/Desktop/eunhee/programming/program/java/boardProject)
2024-02-06T21:04:51.093+09:00  INFO 3871 --- [    Test worker] o.s.board.BoardProjectApplicationTests   : No active profile set, falling back to 1 default profile: "default"
2024-02-06T21:04:52.386+09:00  INFO 3871 --- [    Test worker] .s.d.r.c.RepositoryConfigurationDelegate : Bootstrapping Spring Data JPA repositories in DEFAULT mode.
2024-02-06T21:04:52.432+09:00  INFO 3871 --- [    Test worker] .s.d.r.c.RepositoryConfigurationDelegate : Finished Spring Data repository scanning in 42 ms. Found 2 JPA repository interfaces.
2024-02-06T21:04:53.291+09:00  INFO 3871 --- [    Test worker] o.hibernate.jpa.internal.util.LogHelper  : HHH000204: Processing PersistenceUnitInfo [name: default]
2024-02-06T21:04:53.339+09:00  INFO 3871 --- [    Test worker] org.hibernate.Version                    : HHH000412: Hibernate ORM core version 6.4.1.Final
2024-02-06T21:04:53.370+09:00  INFO 3871 --- [    Test worker] o.h.c.internal.RegionFactoryInitiator    : HHH000026: Second-level cache disabled
2024-02-06T21:04:53.637+09:00  INFO 3871 --- [    Test worker] o.s.o.j.p.SpringPersistenceUnitInfo      : No LoadTimeWeaver setup: ignoring JPA class transformer
2024-02-06T21:04:53.660+09:00  INFO 3871 --- [    Test worker] com.zaxxer.hikari.HikariDataSource       : HikariPool-1 - Starting...
2024-02-06T21:04:54.264+09:00  INFO 3871 --- [    Test worker] com.zaxxer.hikari.pool.HikariPool        : HikariPool-1 - Added connection com.mysql.cj.jdbc.ConnectionImpl@7d7a8d23
2024-02-06T21:04:54.287+09:00  INFO 3871 --- [    Test worker] com.zaxxer.hikari.HikariDataSource       : HikariPool-1 - Start completed.
2024-02-06T21:04:55.539+09:00  INFO 3871 --- [    Test worker] o.h.e.t.j.p.i.JtaPlatformInitiator       : HHH000489: No JTA platform available (set 'hibernate.transaction.jta.platform' to enable JTA platform integration)
Hibernate: 
    alter table article_comment 
       drop 
       foreign key FKghmocqkgqs5tkmucf5putw64t
Hibernate: 
    drop table if exists article
Hibernate: 
    drop table if exists article_comment
Hibernate: 
    create table article (
        created_at datetime(6) not null,
        id bigint not null auto_increment,
        modified_at datetime(6) not null,
        created_by varchar(100) not null,
        modified_by varchar(100) not null,
        content varchar(10000) not null,
        hashtag varchar(255),
        title varchar(255) not null,
        primary key (id)
    ) engine=InnoDB
Hibernate: 
    create table article_comment (
        article_id bigint not null,
        created_at datetime(6) not null,
        id bigint not null auto_increment,
        modified_at datetime(6) not null,
        created_by varchar(100) not null,
        modified_by varchar(100) not null,
        content varchar(500) not null,
        primary key (id)
    ) engine=InnoDB
Hibernate: 
    create index IDX571gx7oqo5xpmgocegaidlcu9 
       on article (title)
Hibernate: 
    create index IDXai44fu6vaa28ebpydglnv7t3e 
       on article (hashtag)
Hibernate: 
    create index IDXrmt77yibijtk4sarremr67saa 
       on article (created_at)
Hibernate: 
    create index IDXjl4utii2etiocimt799wvtuvv 
       on article (created_by)
Hibernate: 
    create index IDXpieqqnljv147sefofs56h25qx 
       on article_comment (content)
Hibernate: 
    create index IDXh1jx107qecntcbcpc2vfb07ij 
       on article_comment (created_at)
Hibernate: 
    create index IDXc6pa61djuf2o8xnceyyvtdbaq 
       on article_comment (created_by)
Hibernate: 
    alter table article_comment 
       add constraint FKghmocqkgqs5tkmucf5putw64t 
       foreign key (article_id) 
       references article (id)
2024-02-06T21:04:55.848+09:00  INFO 3871 --- [    Test worker] j.LocalContainerEntityManagerFactoryBean : Initialized JPA EntityManagerFactory for persistence unit 'default'
2024-02-06T21:04:56.009+09:00  WARN 3871 --- [    Test worker] JpaBaseConfiguration$JpaWebConfiguration : spring.jpa.open-in-view is enabled by default. Therefore, database queries may be performed during view rendering. Explicitly configure spring.jpa.open-in-view to disable this warning
2024-02-06T21:04:56.266+09:00  WARN 3871 --- [    Test worker] .s.s.UserDetailsServiceAutoConfiguration : 

Using generated security password: 092ec4f2-e857-4bc8-a057-8bbea6274b82

This generated password is for development use only. Your security configuration must be updated before running your application in production.

2024-02-06T21:04:57.308+09:00  INFO 3871 --- [    Test worker] o.s.b.a.w.s.WelcomePageHandlerMapping    : Adding welcome page template: index
2024-02-06T21:04:57.364+09:00 DEBUG 3871 --- [    Test worker] s.w.s.m.m.a.RequestMappingHandlerMapping : 4 mappings in 'requestMappingHandlerMapping'
2024-02-06T21:04:57.464+09:00 DEBUG 3871 --- [    Test worker] o.s.w.s.handler.SimpleUrlHandlerMapping  : Patterns [/webjars/**, /**, /api/explorer/**] in 'resourceHandlerMapping'
2024-02-06T21:04:57.773+09:00  INFO 3871 --- [    Test worker] o.s.b.a.e.web.EndpointLinksResolver      : Exposing 13 endpoint(s) beneath base path '/actuator'
2024-02-06T21:04:57.825+09:00  INFO 3871 --- [    Test worker] o.s.s.web.DefaultSecurityFilterChain     : Will secure any request with [org.springframework.security.web.session.DisableEncodeUrlFilter@6701fbf3, org.springframework.security.web.context.request.async.WebAsyncManagerIntegrationFilter@63f88d35, org.springframework.security.web.context.SecurityContextHolderFilter@124e538e, org.springframework.security.web.header.HeaderWriterFilter@4f75c627, org.springframework.web.filter.CorsFilter@2e962cec, org.springframework.security.web.csrf.CsrfFilter@4973fb7d, org.springframework.security.web.authentication.logout.LogoutFilter@451393a9, org.springframework.security.web.authentication.UsernamePasswordAuthenticationFilter@193e65d5, org.springframework.security.web.savedrequest.RequestCacheAwareFilter@21298c3a, org.springframework.security.web.servletapi.SecurityContextHolderAwareRequestFilter@74863aec, org.springframework.security.web.authentication.AnonymousAuthenticationFilter@78543f0d, org.springframework.security.web.access.ExceptionTranslationFilter@38bce2ed, org.springframework.security.web.access.intercept.AuthorizationFilter@3938e876]
2024-02-06T21:04:58.046+09:00 DEBUG 3871 --- [    Test worker] s.w.s.m.m.a.RequestMappingHandlerAdapter : ControllerAdvice beans: 0 @ModelAttribute, 0 @InitBinder, 1 RequestBodyAdvice, 1 ResponseBodyAdvice
2024-02-06T21:04:58.112+09:00 DEBUG 3871 --- [    Test worker] .m.m.a.ExceptionHandlerExceptionResolver : ControllerAdvice beans: 1 @ExceptionHandler, 1 ResponseBodyAdvice
2024-02-06T21:04:58.162+09:00 DEBUG 3871 --- [    Test worker] .m.m.a.ExceptionHandlerExceptionResolver : ControllerAdvice beans: 1 @ExceptionHandler, 0 ResponseBodyAdvice
2024-02-06T21:05:00.637+09:00  INFO 3871 --- [    Test worker] o.s.board.BoardProjectApplicationTests   : Started BoardProjectApplicationTests in 9.899 seconds (process running for 11.513)
]]></system-out>
  <system-err><![CDATA[WARNING: A Java agent has been loaded dynamically (/Users/eunheejang/.gradle/caches/modules-2/files-2.1/net.bytebuddy/byte-buddy-agent/1.14.11/f9cb566608fbac6bc7bf54901a7aa11543a989ee/byte-buddy-agent-1.14.11.jar)
WARNING: If a serviceability tool is in use, please run with -XX:+EnableDynamicAgentLoading to hide this warning
WARNING: If a serviceability tool is not in use, please run with -Djdk.instrument.traceUsage for more information
WARNING: Dynamic loading of agents will be disallowed by default in a future release
]]></system-err>
</testsuite>
